This is pdfTeX, Version 3.1415926-1.40.10 (TeX Live 2009/Debian) (format=pdflatex 2012.10.28)  13 DEC 2012 16:03
entering extended mode
 %&-line parsing enabled.
**appendix4.tex
(./appendix4.tex
LaTeX2e <2009/09/24>
Babel <v3.8l> and hyphenation patterns for english, usenglishmax, dumylang, noh
yphenation, farsi, arabic, croatian, bulgarian, ukrainian, russian, czech, slov
ak, danish, dutch, finnish, french, basque, ngerman, german, german-x-2009-06-1
9, ngerman-x-2009-06-19, ibycus, monogreek, greek, ancientgreek, hungarian, san
skrit, italian, latin, latvian, lithuanian, mongolian2a, mongolian, bokmal, nyn
orsk, romanian, irish, coptic, serbian, turkish, welsh, esperanto, uppersorbian
, estonian, indonesian, interlingua, icelandic, kurmanji, slovenian, polish, po
rtuguese, spanish, galician, catalan, swedish, ukenglish, pinyin, loaded.
(/usr/share/texmf-texlive/tex/latex/base/article.cls
Document Class: article 2007/10/19 v1.4h Standard LaTeX document class
(/usr/share/texmf-texlive/tex/latex/base/size12.clo
File: size12.clo 2007/10/19 v1.4h Standard LaTeX file (size option)
)
\c@part=\count79
\c@section=\count80
\c@subsection=\count81
\c@subsubsection=\count82
\c@paragraph=\count83
\c@subparagraph=\count84
\c@figure=\count85
\c@table=\count86
\abovecaptionskip=\skip41
\belowcaptionskip=\skip42
\bibindent=\dimen102
)
(/usr/share/texmf-texlive/tex/latex/listings/listings.sty
(/usr/share/texmf-texlive/tex/latex/graphics/keyval.sty
Package: keyval 1999/03/16 v1.13 key=value parser (DPC)
\KV@toks@=\toks14
)
\lst@mode=\count87
\lst@gtempboxa=\box26
\lst@token=\toks15
\lst@length=\count88
\lst@currlwidth=\dimen103
\lst@column=\count89
\lst@pos=\count90
\lst@lostspace=\dimen104
\lst@width=\dimen105
\lst@newlines=\count91
\lst@lineno=\count92
\lst@maxwidth=\dimen106

(/usr/share/texmf-texlive/tex/latex/listings/lstmisc.sty
File: lstmisc.sty 2007/02/22 1.4 (Carsten Heinz)
\c@lstnumber=\count93
\lst@skipnumbers=\count94
\lst@framebox=\box27
)
(/usr/share/texmf-texlive/tex/latex/listings/listings.cfg
File: listings.cfg 2007/02/22 1.4 listings configuration
))
Package: listings 2007/02/22 1.4 (Carsten Heinz)
 (./appendix4.aux)
\openout1 = `appendix4.aux'.

LaTeX Font Info:    Checking defaults for OML/cmm/m/it on input line 5.
LaTeX Font Info:    ... okay on input line 5.
LaTeX Font Info:    Checking defaults for T1/cmr/m/n on input line 5.
LaTeX Font Info:    ... okay on input line 5.
LaTeX Font Info:    Checking defaults for OT1/cmr/m/n on input line 5.
LaTeX Font Info:    ... okay on input line 5.
LaTeX Font Info:    Checking defaults for OMS/cmsy/m/n on input line 5.
LaTeX Font Info:    ... okay on input line 5.
LaTeX Font Info:    Checking defaults for OMX/cmex/m/n on input line 5.
LaTeX Font Info:    ... okay on input line 5.
LaTeX Font Info:    Checking defaults for U/cmr/m/n on input line 5.
LaTeX Font Info:    ... okay on input line 5.
\c@lstlisting=\count95

Underfull \hbox (badness 10000) in paragraph at lines 10--12

 []

(../Edited_Logs/main_runthrough.txt
Overfull \hbox (208.77628pt too wide) in paragraph at lines 18--19
[][][] 
 []


Overfull \hbox (208.77628pt too wide) in paragraph at lines 20--21
[][][] 
 []


Overfull \hbox (208.77628pt too wide) in paragraph at lines 22--23
[][][] 
 []

[1

{/var/lib/texmf/fonts/map/pdftex/updmap/pdftex.map}]
Overfull \hbox (208.77628pt too wide) in paragraph at lines 24--25
[][][] 
 []


Overfull \hbox (208.77628pt too wide) in paragraph at lines 26--27
[][][] 
 []


Overfull \hbox (208.77628pt too wide) in paragraph at lines 28--29
[][][] 
 []


Overfull \hbox (208.77628pt too wide) in paragraph at lines 30--31
[][][] 
 []


Overfull \hbox (208.77628pt too wide) in paragraph at lines 32--33
[][][] 
 []


Overfull \hbox (208.77628pt too wide) in paragraph at lines 34--35
[][][] 
 []


Overfull \hbox (208.77628pt too wide) in paragraph at lines 36--37
[][][] 
 []


Overfull \hbox (208.77628pt too wide) in paragraph at lines 38--39
[][][] 
 []


Overfull \hbox (208.77628pt too wide) in paragraph at lines 40--41
[][][] 
 []


Overfull \hbox (208.77628pt too wide) in paragraph at lines 42--43
[][][] 
 []

[2]
Overfull \hbox (208.77628pt too wide) in paragraph at lines 44--45
[][][] 
 []


Overfull \hbox (208.77628pt too wide) in paragraph at lines 46--48
[][][] 
 []


Overfull \hbox (208.77628pt too wide) in paragraph at lines 66--68
[][][] 
 []

[3]
Overfull \hbox (208.77628pt too wide) in paragraph at lines 86--87
[][][] 
 []

[4] [5]
Overfull \hbox (431.07822pt too wide) in paragraph at lines 162--163
[][][] 
 []


Overfull \hbox (431.07822pt too wide) in paragraph at lines 164--165
[][][] 
 []


Overfull \hbox (431.07822pt too wide) in paragraph at lines 166--167
[][][] 
 []


Overfull \hbox (431.07822pt too wide) in paragraph at lines 168--169
[][][] 
 []


Overfull \hbox (431.07822pt too wide) in paragraph at lines 170--171
[][][] 
 []

[6]
Overfull \hbox (431.07822pt too wide) in paragraph at lines 172--173
[][][] 
 []


Overfull \hbox (431.07822pt too wide) in paragraph at lines 174--175
[][][] 
 []


Overfull \hbox (431.07822pt too wide) in paragraph at lines 176--177
[][][] 
 []


Overfull \hbox (431.07822pt too wide) in paragraph at lines 178--179
[][][] 
 []


Overfull \hbox (431.07822pt too wide) in paragraph at lines 180--181
[][][] 
 []


Overfull \hbox (431.07822pt too wide) in paragraph at lines 182--183
[][][] 
 []


Overfull \hbox (431.07822pt too wide) in paragraph at lines 184--185
[][][] 
 []

[7]
Overfull \hbox (431.07822pt too wide) in paragraph at lines 186--187
[][][] 
 []


Overfull \hbox (431.07822pt too wide) in paragraph at lines 188--189
[][][] 
 []


Overfull \hbox (431.07822pt too wide) in paragraph at lines 190--191
[][][] 
 []

[8]
Overfull \hbox (431.07822pt too wide) in paragraph at lines 230--231
[][][] 
 []


Overfull \hbox (431.07822pt too wide) in paragraph at lines 232--234
[][][] 
 []

[9]
Overfull \hbox (431.07822pt too wide) in paragraph at lines 267--268
[][][] 
 []


Overfull \hbox (431.07822pt too wide) in paragraph at lines 269--270
[][][] 
 []


Overfull \hbox (431.07822pt too wide) in paragraph at lines 271--272
[][][] 
 []


Overfull \hbox (431.07822pt too wide) in paragraph at lines 273--274
[][][] 
 []

[10]
Overfull \hbox (431.07822pt too wide) in paragraph at lines 275--276
[][][] 
 []


Overfull \hbox (431.07822pt too wide) in paragraph at lines 277--278
[][][] 
 []


Overfull \hbox (431.07822pt too wide) in paragraph at lines 279--280
[][][] 
 []


Overfull \hbox (431.07822pt too wide) in paragraph at lines 281--282
[][][] 
 []


Overfull \hbox (431.07822pt too wide) in paragraph at lines 283--284
[][][] 
 []


Overfull \hbox (431.07822pt too wide) in paragraph at lines 285--286
[][][] 
 []


Overfull \hbox (431.07822pt too wide) in paragraph at lines 287--288
[][][] 
 []

[11]
Overfull \hbox (431.07822pt too wide) in paragraph at lines 289--290
[][][] 
 []


Overfull \hbox (431.07822pt too wide) in paragraph at lines 291--292
[][][] 
 []


Overfull \hbox (431.07822pt too wide) in paragraph at lines 293--294
[][][] 
 []


Overfull \hbox (431.07822pt too wide) in paragraph at lines 295--296
[][][] 
 []

) [12] (./appendix4.aux) ) 
Here is how much of TeX's memory you used:
 1430 strings out of 493848
 20204 string characters out of 1152822
 155600 words of memory out of 3000000
 4766 multiletter control sequences out of 15000+50000
 5020 words of font info for 19 fonts, out of 3000000 for 9000
 714 hyphenation exceptions out of 8191
 26i,5n,32p,300b,1455s stack positions out of 5000i,500n,10000p,200000b,50000s
</usr/share/texmf-texlive/fonts/type1/public/amsfonts
/cm/cmbx12.pfb></usr/share/texmf-texlive/fonts/type1/public/amsfonts/cm/cmr12.p
fb></usr/share/texmf-texlive/fonts/type1/public/amsfonts/cm/cmtt12.pfb>
Output written on appendix4.pdf (12 pages, 57762 bytes).
PDF statistics:
 53 PDF objects out of 1000 (max. 8388607)
 0 named destinations out of 1000 (max. 500000)
 1 words of extra memory for PDF output out of 10000 (max. 10000000)

