This is pdfTeX, Version 3.1415926-1.40.10 (TeX Live 2009/Debian) (format=pdflatex 2012.10.28)  12 DEC 2012 17:02
entering extended mode
 %&-line parsing enabled.
**cs327_doc.tex
(./cs327_doc.tex
LaTeX2e <2009/09/24>
Babel <v3.8l> and hyphenation patterns for english, usenglishmax, dumylang, noh
yphenation, farsi, arabic, croatian, bulgarian, ukrainian, russian, czech, slov
ak, danish, dutch, finnish, french, basque, ngerman, german, german-x-2009-06-1
9, ngerman-x-2009-06-19, ibycus, monogreek, greek, ancientgreek, hungarian, san
skrit, italian, latin, latvian, lithuanian, mongolian2a, mongolian, bokmal, nyn
orsk, romanian, irish, coptic, serbian, turkish, welsh, esperanto, uppersorbian
, estonian, indonesian, interlingua, icelandic, kurmanji, slovenian, polish, po
rtuguese, spanish, galician, catalan, swedish, ukenglish, pinyin, loaded.
(/usr/share/texmf-texlive/tex/latex/base/article.cls
Document Class: article 2007/10/19 v1.4h Standard LaTeX document class
(/usr/share/texmf-texlive/tex/latex/base/size12.clo
File: size12.clo 2007/10/19 v1.4h Standard LaTeX file (size option)
)
\c@part=\count79
\c@section=\count80
\c@subsection=\count81
\c@subsubsection=\count82
\c@paragraph=\count83
\c@subparagraph=\count84
\c@figure=\count85
\c@table=\count86
\abovecaptionskip=\skip41
\belowcaptionskip=\skip42
\bibindent=\dimen102
)
(/usr/share/texmf-texlive/tex/latex/listings/listings.sty
(/usr/share/texmf-texlive/tex/latex/graphics/keyval.sty
Package: keyval 1999/03/16 v1.13 key=value parser (DPC)
\KV@toks@=\toks14
)
\lst@mode=\count87
\lst@gtempboxa=\box26
\lst@token=\toks15
\lst@length=\count88
\lst@currlwidth=\dimen103
\lst@column=\count89
\lst@pos=\count90
\lst@lostspace=\dimen104
\lst@width=\dimen105
\lst@newlines=\count91
\lst@lineno=\count92
\lst@maxwidth=\dimen106

(/usr/share/texmf-texlive/tex/latex/listings/lstmisc.sty
File: lstmisc.sty 2007/02/22 1.4 (Carsten Heinz)
\c@lstnumber=\count93
\lst@skipnumbers=\count94
\lst@framebox=\box27
)
(/usr/share/texmf-texlive/tex/latex/listings/listings.cfg
File: listings.cfg 2007/02/22 1.4 listings configuration
))
Package: listings 2007/02/22 1.4 (Carsten Heinz)
 (./cs327_doc.aux)
\openout1 = `cs327_doc.aux'.

LaTeX Font Info:    Checking defaults for OML/cmm/m/it on input line 10.
LaTeX Font Info:    ... okay on input line 10.
LaTeX Font Info:    Checking defaults for T1/cmr/m/n on input line 10.
LaTeX Font Info:    ... okay on input line 10.
LaTeX Font Info:    Checking defaults for OT1/cmr/m/n on input line 10.
LaTeX Font Info:    ... okay on input line 10.
LaTeX Font Info:    Checking defaults for OMS/cmsy/m/n on input line 10.
LaTeX Font Info:    ... okay on input line 10.
LaTeX Font Info:    Checking defaults for OMX/cmex/m/n on input line 10.
LaTeX Font Info:    ... okay on input line 10.
LaTeX Font Info:    Checking defaults for U/cmr/m/n on input line 10.
LaTeX Font Info:    ... okay on input line 10.
\c@lstlisting=\count95
LaTeX Font Info:    External font `cmex10' loaded for size
(Font)              <14.4> on input line 11.
LaTeX Font Info:    External font `cmex10' loaded for size
(Font)              <7> on input line 11.

[1

{/var/lib/texmf/fonts/map/pdftex/updmap/pdftex.map}] (./cs327_doc.toc
LaTeX Font Info:    External font `cmex10' loaded for size
(Font)              <12> on input line 2.
LaTeX Font Info:    External font `cmex10' loaded for size
(Font)              <8> on input line 2.
LaTeX Font Info:    External font `cmex10' loaded for size
(Font)              <6> on input line 2.
)
\tf@toc=\write3
\openout3 = `cs327_doc.toc'.


[2

] [3

]
Underfull \hbox (badness 10000) in paragraph at lines 32--36

 []


Underfull \hbox (badness 10000) in paragraph at lines 32--36

 []


Underfull \hbox (badness 10000) in paragraph at lines 32--36

 []


Underfull \hbox (badness 10000) in paragraph at lines 39--41

 []

[4

]
Underfull \hbox (badness 10000) in paragraph at lines 44--45

 []


Underfull \hbox (badness 10000) in paragraph at lines 48--48
[]\OT1/cmr/m/n/12 Source
 []


Underfull \hbox (badness 10000) in paragraph at lines 48--48
[]\OT1/cmr/m/n/12 Header
 []


Overfull \hbox (3.01485pt too wide) in paragraph at lines 60--60
[]\OT1/cmr/m/n/12 entrant.c| 
 []


Overfull \hbox (4.32039pt too wide) in paragraph at lines 60--60
[]\OT1/cmr/m/n/12 entrant.h| 
 []


Overfull \hbox (2.81902pt too wide) in paragraph at lines 62--62
[]\OT1/cmr/m/n/12 process.c| 
 []


Overfull \hbox (4.12456pt too wide) in paragraph at lines 62--62
[]\OT1/cmr/m/n/12 process.h| 
 []


Underfull \hbox (badness 10000) in paragraph at lines 69--69
[]\OT1/cmr/m/n/12 Source
 []


Underfull \hbox (badness 10000) in paragraph at lines 69--69
[]\OT1/cmr/m/n/12 Header
 []


Overfull \hbox (0.79543pt too wide) in paragraph at lines 71--71
[]\OT1/cmr/m/n/12 display.c| 
 []


Overfull \hbox (2.10097pt too wide) in paragraph at lines 71--71
[]\OT1/cmr/m/n/12 display.h| 
 []


Overfull \hbox (17.75441pt too wide) in paragraph at lines 73--73
[]\OT1/cmr/m/n/12 linked[]list.h| 
 []

[5]
Underfull \hbox (badness 10000) in paragraph at lines 84--87

 []


Underfull \hbox (badness 10000) in paragraph at lines 84--87

 []


Underfull \hbox (badness 10000) in paragraph at lines 90--93

 []


Underfull \hbox (badness 10000) in paragraph at lines 90--93

 []

[6]
Underfull \hbox (badness 10000) in paragraph at lines 96--99

 []


Underfull \hbox (badness 10000) in paragraph at lines 96--99

 []


Underfull \hbox (badness 10000) in paragraph at lines 102--105

 []


Underfull \hbox (badness 10000) in paragraph at lines 102--105

 []

[7]
LaTeX Font Info:    Try loading font information for OMS+cmr on input line 111.

 (/usr/share/texmf-texlive/tex/latex/base/omscmr.fd
File: omscmr.fd 1999/05/25 v2.5h Standard LaTeX font definitions
)
LaTeX Font Info:    Font shape `OMS/cmr/m/n' in size <12> not available
(Font)              Font shape `OMS/cmsy/m/n' tried instead on input line 111.
 [8] (./cs327_doc.aux) ) 
Here is how much of TeX's memory you used:
 1472 strings out of 493848
 20744 string characters out of 1152822
 74665 words of memory out of 3000000
 4799 multiletter control sequences out of 15000+50000
 9514 words of font info for 33 fonts, out of 3000000 for 9000
 714 hyphenation exceptions out of 8191
 26i,9n,32p,647b,219s stack positions out of 5000i,500n,10000p,200000b,50000s
</usr/share/texmf-texlive/fonts/type1/public/amsfonts/c
m/cmbx12.pfb></usr/share/texmf-texlive/fonts/type1/public/amsfonts/cm/cmbxti10.
pfb></usr/share/texmf-texlive/fonts/type1/public/amsfonts/cm/cmr12.pfb></usr/sh
are/texmf-texlive/fonts/type1/public/amsfonts/cm/cmr17.pfb></usr/share/texmf-te
xlive/fonts/type1/public/amsfonts/cm/cmsy10.pfb></usr/share/texmf-texlive/fonts
/type1/public/amsfonts/cm/cmti12.pfb>
Output written on cs327_doc.pdf (8 pages, 92645 bytes).
PDF statistics:
 53 PDF objects out of 1000 (max. 8388607)
 0 named destinations out of 1000 (max. 500000)
 1 words of extra memory for PDF output out of 10000 (max. 10000000)

